<?xml version="1.0" encoding="UTF-8"?>
<testng-results ignored="0" total="1" passed="1" failed="0" skipped="0">
  <reporter-output>
  </reporter-output>
  <suite started-at="2020-12-19T23:53:35 IST" name="Default suite" finished-at="2020-12-19T23:53:52 IST" duration-ms="17389">
    <groups>
    </groups>
    <test started-at="2020-12-19T23:53:35 IST" name="Default test" finished-at="2020-12-19T23:53:52 IST" duration-ms="17389">
      <class name="tests.SearchTest">
        <test-method is-config="true" signature="beforeTest()[pri:0, instance:tests.SearchTest@2beee7ff]" started-at="2020-12-19T23:53:35 IST" name="beforeTest" finished-at="2020-12-19T23:53:46 IST" duration-ms="10957" status="PASS">
          <reporter-output>
          </reporter-output>
        </test-method> <!-- beforeTest -->
        <test-method signature="test()[pri:0, instance:tests.SearchTest@2beee7ff]" started-at="2020-12-19T23:53:46 IST" name="test" finished-at="2020-12-19T23:53:51 IST" duration-ms="5632" status="PASS">
          <reporter-output>
          </reporter-output>
        </test-method> <!-- test -->
        <test-method is-config="true" signature="afterTest()[pri:0, instance:tests.SearchTest@2beee7ff]" started-at="2020-12-19T23:53:51 IST" name="afterTest" finished-at="2020-12-19T23:53:52 IST" duration-ms="759" status="PASS">
          <reporter-output>
          </reporter-output>
        </test-method> <!-- afterTest -->
      </class> <!-- tests.SearchTest -->
    </test> <!-- Default test -->
  </suite> <!-- Default suite -->
</testng-results>
