<?xml version="1.0" encoding="UTF-8"?>
<testng-results ignored="0" total="1" passed="1" failed="0" skipped="0">
  <reporter-output>
  </reporter-output>
  <suite started-at="2020-12-19T22:11:14 IST" name="Default suite" finished-at="2020-12-19T22:11:51 IST" duration-ms="36399">
    <groups>
    </groups>
    <test started-at="2020-12-19T22:11:14 IST" name="Default test" finished-at="2020-12-19T22:11:51 IST" duration-ms="36399">
      <class name="tests.SearchTest">
        <test-method is-config="true" signature="beforeTest()[pri:0, instance:tests.SearchTest@2beee7ff]" started-at="2020-12-19T22:11:14 IST" name="beforeTest" finished-at="2020-12-19T22:11:43 IST" duration-ms="28979" status="PASS">
          <reporter-output>
          </reporter-output>
        </test-method> <!-- beforeTest -->
        <test-method signature="test()[pri:0, instance:tests.SearchTest@2beee7ff]" started-at="2020-12-19T22:11:43 IST" name="test" finished-at="2020-12-19T22:11:50 IST" duration-ms="6515" status="PASS">
          <reporter-output>
          </reporter-output>
        </test-method> <!-- test -->
        <test-method is-config="true" signature="afterTest()[pri:0, instance:tests.SearchTest@2beee7ff]" started-at="2020-12-19T22:11:50 IST" name="afterTest" finished-at="2020-12-19T22:11:51 IST" duration-ms="820" status="PASS">
          <reporter-output>
          </reporter-output>
        </test-method> <!-- afterTest -->
      </class> <!-- tests.SearchTest -->
    </test> <!-- Default test -->
  </suite> <!-- Default suite -->
</testng-results>
